TN:
SF:server.js
FN:9,(anonymous_0)
FNF:1
FNH:1
FNDA:1,(anonymous_0)
DA:1,1
DA:2,1
DA:3,1
DA:5,1
DA:6,1
DA:7,1
DA:8,1
DA:9,1
DA:10,1
DA:13,1
DA:14,1
DA:15,1
DA:17,1
DA:18,1
DA:20,1
LF:15
LH:15
BRF:0
BRH:0
end_of_record
TN:
SF:controllers/post.js
FN:3,(anonymous_0)
FN:19,(anonymous_1)
FN:36,(anonymous_2)
FN:46,(anonymous_3)
FNF:4
FNH:4
FNDA:3,(anonymous_0)
FNDA:2,(anonymous_1)
FNDA:3,(anonymous_2)
FNDA:1,(anonymous_3)
DA:1,1
DA:2,1
DA:3,1
DA:4,3
DA:5,3
DA:6,3
DA:7,3
DA:8,1
DA:9,1
DA:11,2
DA:12,2
DA:15,0
DA:19,1
DA:20,2
DA:21,2
DA:22,2
DA:23,2
DA:24,2
DA:25,1
DA:27,1
DA:30,0
DA:33,0
DA:36,1
DA:37,3
DA:38,3
DA:39,3
DA:40,2
DA:42,1
DA:46,1
DA:47,1
DA:48,1
DA:49,1
DA:50,1
DA:52,0
DA:56,1
LF:35
LH:31
BRDA:7,0,0,1
BRDA:7,0,1,2
BRDA:21,1,0,2
BRDA:21,1,1,0
BRDA:24,2,0,1
BRDA:24,2,1,1
BRF:6
BRH:5
end_of_record
TN:
SF:models/posts_model.js
FNF:0
FNH:0
DA:1,1
DA:2,1
DA:3,1
DA:14,1
DA:15,1
LF:5
LH:5
BRF:0
BRH:0
end_of_record
TN:
SF:routes/posts_route.js
FNF:0
FNH:0
DA:1,1
DA:2,1
DA:3,1
DA:6,1
DA:8,1
DA:10,1
DA:12,1
DA:14,1
LF:8
LH:8
BRF:0
BRH:0
end_of_record
